<?xml version="1.0" encoding="UTF-8"?>
<testng-results ignored="0" total="2" passed="2" failed="0" skipped="0">
  <reporter-output>
  </reporter-output>
  <suite started-at="2025-03-10T21:23:49 IST" name="Suite" finished-at="2025-03-10T21:23:59 IST" duration-ms="10303">
    <groups>
    </groups>
    <test started-at="2025-03-10T21:23:49 IST" name="headersName" finished-at="2025-03-10T21:23:54 IST" duration-ms="5261">
      <class name="TestNGPractice.WebTableExample">
        <test-method is-config="true" signature="OpenBroswer()[pri:0, instance:TestNGPractice.WebTableExample@25be7b63]" started-at="2025-03-10T21:23:49 IST" name="OpenBroswer" finished-at="2025-03-10T21:23:53 IST" duration-ms="4544" status="PASS">
          <reporter-output>
          </reporter-output>
        </test-method> <!-- OpenBroswer -->
        <test-method signature="Headers()[pri:1, instance:TestNGPractice.WebTableExample@25be7b63]" started-at="2025-03-10T21:23:53 IST" name="Headers" description="This gives tables Header details" finished-at="2025-03-10T21:23:54 IST" duration-ms="212" status="PASS">
          <reporter-output>
          </reporter-output>
        </test-method> <!-- Headers -->
        <test-method is-config="true" signature="quit()[pri:0, instance:TestNGPractice.WebTableExample@25be7b63]" started-at="2025-03-10T21:23:54 IST" name="quit" finished-at="2025-03-10T21:23:54 IST" duration-ms="409" status="PASS">
          <reporter-output>
          </reporter-output>
        </test-method> <!-- quit -->
      </class> <!-- TestNGPractice.WebTableExample -->
    </test> <!-- headersName -->
    <test started-at="2025-03-10T21:23:54 IST" name="TotalRowsAndColumns" finished-at="2025-03-10T21:23:59 IST" duration-ms="5017">
      <class name="TestNGPractice.WebTableExample">
        <test-method is-config="true" signature="OpenBroswer()[pri:0, instance:TestNGPractice.WebTableExample@15888343]" started-at="2025-03-10T21:23:54 IST" name="OpenBroswer" finished-at="2025-03-10T21:23:59 IST" duration-ms="4489" status="PASS">
          <reporter-output>
          </reporter-output>
        </test-method> <!-- OpenBroswer -->
        <test-method signature="NumberOfRowsAndColumns()[pri:2, instance:TestNGPractice.WebTableExample@15888343]" started-at="2025-03-10T21:23:59 IST" name="NumberOfRowsAndColumns" description="Count number of rows and columns" finished-at="2025-03-10T21:23:59 IST" duration-ms="110" status="PASS">
          <reporter-output>
          </reporter-output>
        </test-method> <!-- NumberOfRowsAndColumns -->
        <test-method is-config="true" signature="quit()[pri:0, instance:TestNGPractice.WebTableExample@15888343]" started-at="2025-03-10T21:23:59 IST" name="quit" finished-at="2025-03-10T21:23:59 IST" duration-ms="402" status="PASS">
          <reporter-output>
          </reporter-output>
        </test-method> <!-- quit -->
      </class> <!-- TestNGPractice.WebTableExample -->
    </test> <!-- TotalRowsAndColumns -->
  </suite> <!-- Suite -->
</testng-results>
