<?xml version="1.0" encoding="UTF-8"?>
<!-- Generated by org.testng.reporters.JUnitXMLReporter -->
<testsuite ignored="1" hostname="DESKTOP-PQ2L7EM" failures="0" tests="1" name="headersName" time="5.261" errors="0" timestamp="2025-03-10T21:23:54 IST">
  <testcase classname="TestNGPractice.WebTableExample" name="Headers" time="0.212"/>
  <testcase classname="TestNGPractice.WebTableExample" name="NumberOfRowsAndColumns" time="0.0">
    <ignored/>
  </testcase> <!-- NumberOfRowsAndColumns -->
</testsuite> <!-- headersName -->
