<?xml version="1.0" encoding="UTF-8"?>
<!-- Generated by org.testng.reporters.JUnitXMLReporter -->
<testsuite ignored="1" hostname="DESKTOP-PQ2L7EM" failures="0" tests="1" name="TotalRowsAndColumns" time="5.017" errors="0" timestamp="2025-03-10T21:23:59 IST">
  <testcase classname="TestNGPractice.WebTableExample" name="NumberOfRowsAndColumns" time="0.11"/>
  <testcase classname="TestNGPractice.WebTableExample" name="Headers" time="0.0">
    <ignored/>
  </testcase> <!-- Headers -->
</testsuite> <!-- TotalRowsAndColumns -->
